INFO [2023-09-05 16:52:42] [[1]]
INFO [2023-09-05 16:52:42] sels
INFO [2023-09-05 16:52:42] 
INFO [2023-09-05 16:52:42] $filename
INFO [2023-09-05 16:52:42] here("paper/Figures/venn.png")
INFO [2023-09-05 16:52:42] 
INFO [2023-09-05 16:52:42] $imagetype
INFO [2023-09-05 16:52:42] [1] "png"
INFO [2023-09-05 16:52:42] 
INFO [2023-09-05 16:52:42] $col
INFO [2023-09-05 16:52:42] c("#B25D91", "#FF3F38")
INFO [2023-09-05 16:52:42] 
INFO [2023-09-05 16:52:42] $fill
INFO [2023-09-05 16:52:42] c(alpha("#B25D91", 0.3), alpha("#FF3F38", 0.3))
INFO [2023-09-05 16:52:42] 
INFO [2023-09-05 16:52:42] $cex
INFO [2023-09-05 16:52:42] [1] 1
INFO [2023-09-05 16:52:42] 
INFO [2023-09-05 16:52:42] $fontfamily
INFO [2023-09-05 16:52:42] [1] "sans"
INFO [2023-09-05 16:52:42] 
INFO [2023-09-05 16:52:42] $cat.cex
INFO [2023-09-05 16:52:42] [1] 1
INFO [2023-09-05 16:52:42] 
INFO [2023-09-05 16:52:42] $cat.default.pos
INFO [2023-09-05 16:52:42] [1] "outer"
INFO [2023-09-05 16:52:42] 
INFO [2023-09-05 16:52:42] $cat.pos
INFO [2023-09-05 16:52:42] c(-27, 27)
INFO [2023-09-05 16:52:42] 
INFO [2023-09-05 16:52:42] $cat.dist
INFO [2023-09-05 16:52:42] c(0.055, 0.055)
INFO [2023-09-05 16:52:42] 
INFO [2023-09-05 16:52:42] $cat.fontfamily
INFO [2023-09-05 16:52:42] [1] "sans"
INFO [2023-09-05 16:52:42] 
INFO [2023-09-05 16:52:42] $cat.col
INFO [2023-09-05 16:52:42] c("#B25D91", "#FF3F38")
INFO [2023-09-05 16:52:42] 
