INFO [2023-08-23 15:16:43] [[1]]
INFO [2023-08-23 15:16:43] sels
INFO [2023-08-23 15:16:43] 
INFO [2023-08-23 15:16:43] $filename
INFO [2023-08-23 15:16:43] here("paper/Figures/venn.png")
INFO [2023-08-23 15:16:43] 
INFO [2023-08-23 15:16:43] $imagetype
INFO [2023-08-23 15:16:43] [1] "png"
INFO [2023-08-23 15:16:43] 
INFO [2023-08-23 15:16:43] $col
INFO [2023-08-23 15:16:43] c("#B25D91", "#FF3F38")
INFO [2023-08-23 15:16:43] 
INFO [2023-08-23 15:16:43] $fill
INFO [2023-08-23 15:16:43] c(alpha("#B25D91", 0.3), alpha("#FF3F38", 0.3))
INFO [2023-08-23 15:16:43] 
INFO [2023-08-23 15:16:43] $cex
INFO [2023-08-23 15:16:43] [1] 1
INFO [2023-08-23 15:16:43] 
INFO [2023-08-23 15:16:43] $fontfamily
INFO [2023-08-23 15:16:43] [1] "sans"
INFO [2023-08-23 15:16:43] 
INFO [2023-08-23 15:16:43] $cat.cex
INFO [2023-08-23 15:16:43] [1] 1
INFO [2023-08-23 15:16:43] 
INFO [2023-08-23 15:16:43] $cat.default.pos
INFO [2023-08-23 15:16:43] [1] "outer"
INFO [2023-08-23 15:16:43] 
INFO [2023-08-23 15:16:43] $cat.fontfamily
INFO [2023-08-23 15:16:43] [1] "sans"
INFO [2023-08-23 15:16:43] 
INFO [2023-08-23 15:16:43] $cat.col
INFO [2023-08-23 15:16:43] c("#B25D91", "#FF3F38")
INFO [2023-08-23 15:16:43] 
