INFO [2023-09-06 17:14:08] [[1]]
INFO [2023-09-06 17:14:08] sels
INFO [2023-09-06 17:14:08] 
INFO [2023-09-06 17:14:08] $filename
INFO [2023-09-06 17:14:08] here("paper/Figures/venn.png")
INFO [2023-09-06 17:14:08] 
INFO [2023-09-06 17:14:08] $imagetype
INFO [2023-09-06 17:14:08] [1] "png"
INFO [2023-09-06 17:14:08] 
INFO [2023-09-06 17:14:08] $col
INFO [2023-09-06 17:14:08] c("#B25D91", "#FF3F38")
INFO [2023-09-06 17:14:08] 
INFO [2023-09-06 17:14:08] $fill
INFO [2023-09-06 17:14:08] c(alpha("#B25D91", 0.3), alpha("#FF3F38", 0.3))
INFO [2023-09-06 17:14:08] 
INFO [2023-09-06 17:14:08] $cex
INFO [2023-09-06 17:14:08] [1] 1
INFO [2023-09-06 17:14:08] 
INFO [2023-09-06 17:14:08] $fontfamily
INFO [2023-09-06 17:14:08] [1] "sans"
INFO [2023-09-06 17:14:08] 
INFO [2023-09-06 17:14:08] $cat.cex
INFO [2023-09-06 17:14:08] [1] 1
INFO [2023-09-06 17:14:08] 
INFO [2023-09-06 17:14:08] $cat.default.pos
INFO [2023-09-06 17:14:08] [1] "outer"
INFO [2023-09-06 17:14:08] 
INFO [2023-09-06 17:14:08] $cat.pos
INFO [2023-09-06 17:14:08] c(-27, 27)
INFO [2023-09-06 17:14:08] 
INFO [2023-09-06 17:14:08] $cat.dist
INFO [2023-09-06 17:14:08] c(0.055, 0.055)
INFO [2023-09-06 17:14:08] 
INFO [2023-09-06 17:14:08] $cat.fontfamily
INFO [2023-09-06 17:14:08] [1] "sans"
INFO [2023-09-06 17:14:08] 
INFO [2023-09-06 17:14:08] $cat.col
INFO [2023-09-06 17:14:08] c("#B25D91", "#FF3F38")
INFO [2023-09-06 17:14:08] 
