INFO [2023-08-23 15:17:10] [[1]]
INFO [2023-08-23 15:17:10] sels
INFO [2023-08-23 15:17:10] 
INFO [2023-08-23 15:17:10] $filename
INFO [2023-08-23 15:17:10] here("paper/Figures/venn.png")
INFO [2023-08-23 15:17:10] 
INFO [2023-08-23 15:17:10] $imagetype
INFO [2023-08-23 15:17:10] [1] "png"
INFO [2023-08-23 15:17:10] 
INFO [2023-08-23 15:17:10] $col
INFO [2023-08-23 15:17:10] c("#B25D91", "#FF3F38")
INFO [2023-08-23 15:17:10] 
INFO [2023-08-23 15:17:10] $fill
INFO [2023-08-23 15:17:10] c(alpha("#B25D91", 0.3), alpha("#FF3F38", 0.3))
INFO [2023-08-23 15:17:10] 
INFO [2023-08-23 15:17:10] $cex
INFO [2023-08-23 15:17:10] [1] 1
INFO [2023-08-23 15:17:10] 
INFO [2023-08-23 15:17:10] $fontfamily
INFO [2023-08-23 15:17:10] [1] "sans"
INFO [2023-08-23 15:17:10] 
INFO [2023-08-23 15:17:10] $cat.cex
INFO [2023-08-23 15:17:10] [1] 1
INFO [2023-08-23 15:17:10] 
INFO [2023-08-23 15:17:10] $cat.default.pos
INFO [2023-08-23 15:17:10] [1] "outer"
INFO [2023-08-23 15:17:10] 
INFO [2023-08-23 15:17:10] $cat.pos
INFO [2023-08-23 15:17:10] c(-27, 27)
INFO [2023-08-23 15:17:10] 
INFO [2023-08-23 15:17:10] $cat.dist
INFO [2023-08-23 15:17:10] c(0.055, 0.055)
INFO [2023-08-23 15:17:10] 
INFO [2023-08-23 15:17:10] $cat.fontfamily
INFO [2023-08-23 15:17:10] [1] "sans"
INFO [2023-08-23 15:17:10] 
INFO [2023-08-23 15:17:10] $cat.col
INFO [2023-08-23 15:17:10] c("#B25D91", "#FF3F38")
INFO [2023-08-23 15:17:10] 
