INFO [2023-08-24 10:52:53] [[1]]
INFO [2023-08-24 10:52:53] sels
INFO [2023-08-24 10:52:53] 
INFO [2023-08-24 10:52:53] $filename
INFO [2023-08-24 10:52:53] here("paper/Figures/venn.png")
INFO [2023-08-24 10:52:53] 
INFO [2023-08-24 10:52:53] $imagetype
INFO [2023-08-24 10:52:53] [1] "png"
INFO [2023-08-24 10:52:53] 
INFO [2023-08-24 10:52:53] $col
INFO [2023-08-24 10:52:53] c("#B25D91", "#FF3F38")
INFO [2023-08-24 10:52:53] 
INFO [2023-08-24 10:52:53] $fill
INFO [2023-08-24 10:52:53] c(alpha("#B25D91", 0.3), alpha("#FF3F38", 0.3))
INFO [2023-08-24 10:52:53] 
INFO [2023-08-24 10:52:53] $cex
INFO [2023-08-24 10:52:53] [1] 1
INFO [2023-08-24 10:52:53] 
INFO [2023-08-24 10:52:53] $fontfamily
INFO [2023-08-24 10:52:53] [1] "sans"
INFO [2023-08-24 10:52:53] 
INFO [2023-08-24 10:52:53] $cat.cex
INFO [2023-08-24 10:52:53] [1] 1
INFO [2023-08-24 10:52:53] 
INFO [2023-08-24 10:52:53] $cat.default.pos
INFO [2023-08-24 10:52:53] [1] "outer"
INFO [2023-08-24 10:52:53] 
INFO [2023-08-24 10:52:53] $cat.pos
INFO [2023-08-24 10:52:53] c(-27, 27)
INFO [2023-08-24 10:52:53] 
INFO [2023-08-24 10:52:53] $cat.dist
INFO [2023-08-24 10:52:53] c(0.055, 0.055)
INFO [2023-08-24 10:52:53] 
INFO [2023-08-24 10:52:53] $cat.fontfamily
INFO [2023-08-24 10:52:53] [1] "sans"
INFO [2023-08-24 10:52:53] 
INFO [2023-08-24 10:52:53] $cat.col
INFO [2023-08-24 10:52:53] c("#B25D91", "#FF3F38")
INFO [2023-08-24 10:52:53] 
