INFO [2023-09-06 17:15:25] [[1]]
INFO [2023-09-06 17:15:25] sels
INFO [2023-09-06 17:15:25] 
INFO [2023-09-06 17:15:25] $filename
INFO [2023-09-06 17:15:25] here("paper/Figures/venn.png")
INFO [2023-09-06 17:15:25] 
INFO [2023-09-06 17:15:25] $imagetype
INFO [2023-09-06 17:15:25] [1] "png"
INFO [2023-09-06 17:15:25] 
INFO [2023-09-06 17:15:25] $col
INFO [2023-09-06 17:15:25] c("#B25D91", "#FF3F38")
INFO [2023-09-06 17:15:25] 
INFO [2023-09-06 17:15:25] $fill
INFO [2023-09-06 17:15:25] c(alpha("#B25D91", 0.3), alpha("#FF3F38", 0.3))
INFO [2023-09-06 17:15:25] 
INFO [2023-09-06 17:15:25] $cex
INFO [2023-09-06 17:15:25] [1] 1
INFO [2023-09-06 17:15:25] 
INFO [2023-09-06 17:15:25] $fontfamily
INFO [2023-09-06 17:15:25] [1] "sans"
INFO [2023-09-06 17:15:25] 
INFO [2023-09-06 17:15:25] $cat.cex
INFO [2023-09-06 17:15:25] [1] 1
INFO [2023-09-06 17:15:25] 
INFO [2023-09-06 17:15:25] $cat.default.pos
INFO [2023-09-06 17:15:25] [1] "outer"
INFO [2023-09-06 17:15:25] 
INFO [2023-09-06 17:15:25] $cat.pos
INFO [2023-09-06 17:15:25] c(-27, 27)
INFO [2023-09-06 17:15:25] 
INFO [2023-09-06 17:15:25] $cat.dist
INFO [2023-09-06 17:15:25] c(0.055, 0.055)
INFO [2023-09-06 17:15:25] 
INFO [2023-09-06 17:15:25] $cat.fontfamily
INFO [2023-09-06 17:15:25] [1] "sans"
INFO [2023-09-06 17:15:25] 
INFO [2023-09-06 17:15:25] $cat.col
INFO [2023-09-06 17:15:25] c("#B25D91", "#FF3F38")
INFO [2023-09-06 17:15:25] 
