INFO [2023-08-30 16:06:34] [[1]]
INFO [2023-08-30 16:06:34] sels
INFO [2023-08-30 16:06:34] 
INFO [2023-08-30 16:06:34] $filename
INFO [2023-08-30 16:06:34] here("paper/Figures/venn.png")
INFO [2023-08-30 16:06:34] 
INFO [2023-08-30 16:06:34] $imagetype
INFO [2023-08-30 16:06:34] [1] "png"
INFO [2023-08-30 16:06:34] 
INFO [2023-08-30 16:06:34] $col
INFO [2023-08-30 16:06:34] c("#B25D91", "#FF3F38")
INFO [2023-08-30 16:06:34] 
INFO [2023-08-30 16:06:34] $fill
INFO [2023-08-30 16:06:34] c(alpha("#B25D91", 0.3), alpha("#FF3F38", 0.3))
INFO [2023-08-30 16:06:34] 
INFO [2023-08-30 16:06:34] $cex
INFO [2023-08-30 16:06:34] [1] 1
INFO [2023-08-30 16:06:34] 
INFO [2023-08-30 16:06:34] $fontfamily
INFO [2023-08-30 16:06:34] [1] "sans"
INFO [2023-08-30 16:06:34] 
INFO [2023-08-30 16:06:34] $cat.cex
INFO [2023-08-30 16:06:34] [1] 1
INFO [2023-08-30 16:06:34] 
INFO [2023-08-30 16:06:34] $cat.default.pos
INFO [2023-08-30 16:06:34] [1] "outer"
INFO [2023-08-30 16:06:34] 
INFO [2023-08-30 16:06:34] $cat.pos
INFO [2023-08-30 16:06:34] c(-27, 27)
INFO [2023-08-30 16:06:34] 
INFO [2023-08-30 16:06:34] $cat.dist
INFO [2023-08-30 16:06:34] c(0.055, 0.055)
INFO [2023-08-30 16:06:34] 
INFO [2023-08-30 16:06:34] $cat.fontfamily
INFO [2023-08-30 16:06:34] [1] "sans"
INFO [2023-08-30 16:06:34] 
INFO [2023-08-30 16:06:34] $cat.col
INFO [2023-08-30 16:06:34] c("#B25D91", "#FF3F38")
INFO [2023-08-30 16:06:34] 
