INFO [2023-09-06 17:01:35] [[1]]
INFO [2023-09-06 17:01:35] sels
INFO [2023-09-06 17:01:35] 
INFO [2023-09-06 17:01:35] $filename
INFO [2023-09-06 17:01:35] here("paper/Figures/venn.png")
INFO [2023-09-06 17:01:35] 
INFO [2023-09-06 17:01:35] $imagetype
INFO [2023-09-06 17:01:35] [1] "png"
INFO [2023-09-06 17:01:35] 
INFO [2023-09-06 17:01:35] $col
INFO [2023-09-06 17:01:35] c("#B25D91", "#FF3F38")
INFO [2023-09-06 17:01:35] 
INFO [2023-09-06 17:01:35] $fill
INFO [2023-09-06 17:01:35] c(alpha("#B25D91", 0.3), alpha("#FF3F38", 0.3))
INFO [2023-09-06 17:01:35] 
INFO [2023-09-06 17:01:35] $cex
INFO [2023-09-06 17:01:35] [1] 1
INFO [2023-09-06 17:01:35] 
INFO [2023-09-06 17:01:35] $fontfamily
INFO [2023-09-06 17:01:35] [1] "sans"
INFO [2023-09-06 17:01:35] 
INFO [2023-09-06 17:01:35] $cat.cex
INFO [2023-09-06 17:01:35] [1] 1
INFO [2023-09-06 17:01:35] 
INFO [2023-09-06 17:01:35] $cat.default.pos
INFO [2023-09-06 17:01:35] [1] "outer"
INFO [2023-09-06 17:01:35] 
INFO [2023-09-06 17:01:35] $cat.pos
INFO [2023-09-06 17:01:35] c(-27, 27)
INFO [2023-09-06 17:01:35] 
INFO [2023-09-06 17:01:35] $cat.dist
INFO [2023-09-06 17:01:35] c(0.055, 0.055)
INFO [2023-09-06 17:01:35] 
INFO [2023-09-06 17:01:35] $cat.fontfamily
INFO [2023-09-06 17:01:35] [1] "sans"
INFO [2023-09-06 17:01:35] 
INFO [2023-09-06 17:01:35] $cat.col
INFO [2023-09-06 17:01:35] c("#B25D91", "#FF3F38")
INFO [2023-09-06 17:01:35] 
