INFO [2023-09-06 17:14:38] [[1]]
INFO [2023-09-06 17:14:38] sels
INFO [2023-09-06 17:14:38] 
INFO [2023-09-06 17:14:38] $filename
INFO [2023-09-06 17:14:38] here("paper/Figures/venn.png")
INFO [2023-09-06 17:14:38] 
INFO [2023-09-06 17:14:38] $imagetype
INFO [2023-09-06 17:14:38] [1] "png"
INFO [2023-09-06 17:14:38] 
INFO [2023-09-06 17:14:38] $col
INFO [2023-09-06 17:14:38] c("#B25D91", "#FF3F38")
INFO [2023-09-06 17:14:38] 
INFO [2023-09-06 17:14:38] $fill
INFO [2023-09-06 17:14:38] c(alpha("#B25D91", 0.3), alpha("#FF3F38", 0.3))
INFO [2023-09-06 17:14:38] 
INFO [2023-09-06 17:14:38] $cex
INFO [2023-09-06 17:14:38] [1] 1
INFO [2023-09-06 17:14:38] 
INFO [2023-09-06 17:14:38] $fontfamily
INFO [2023-09-06 17:14:38] [1] "sans"
INFO [2023-09-06 17:14:38] 
INFO [2023-09-06 17:14:38] $cat.cex
INFO [2023-09-06 17:14:38] [1] 1
INFO [2023-09-06 17:14:38] 
INFO [2023-09-06 17:14:38] $cat.default.pos
INFO [2023-09-06 17:14:38] [1] "outer"
INFO [2023-09-06 17:14:38] 
INFO [2023-09-06 17:14:38] $cat.pos
INFO [2023-09-06 17:14:38] c(-27, 27)
INFO [2023-09-06 17:14:38] 
INFO [2023-09-06 17:14:38] $cat.dist
INFO [2023-09-06 17:14:38] c(0.055, 0.055)
INFO [2023-09-06 17:14:38] 
INFO [2023-09-06 17:14:38] $cat.fontfamily
INFO [2023-09-06 17:14:38] [1] "sans"
INFO [2023-09-06 17:14:38] 
INFO [2023-09-06 17:14:38] $cat.col
INFO [2023-09-06 17:14:38] c("#B25D91", "#FF3F38")
INFO [2023-09-06 17:14:38] 
